[2025-6-8T9:22:32]::POST /api/v1/users ::1 404 42ms
[2025-6-9T5:4:5]::POST /api/v1/users ::1 404 20ms
[2025-6-9T5:4:24]::POST /api/v1/users/signup ::1 500 162ms
[2025-6-9T5:4:53]::POST /api/v1/users/signup ::1 500 40ms
[2025-6-9T5:7:18]::POST /api/v1/users/signup ::1 500 29ms
[2025-6-9T5:8:2]::POST /api/v1/users/signup ::1 500 27ms
[2025-6-9T5:8:21]::POST /api/v1/users/signup ::1 201 235ms
[2025-6-9T5:12:6]::POST /api/v1/users/signup ::1 201 194ms
[2025-6-9T5:12:10]::POST /api/v1/users/signup ::1 400 24ms
[2025-6-9T5:21:56]::POST /api/v1/users/login ::1 500 13ms
[2025-6-9T5:24:10]::POST /api/v1/users/login ::1 500 6ms
[2025-6-9T5:27:21]::POST /api/v1/users/signup ::1 201 487ms
[2025-6-9T5:29:15]::POST /api/v1/users/login ::1 500 13ms
[2025-6-9T5:30:32]::POST /api/v1/users/login ::1 500 8ms
[2025-6-9T5:30:35]::POST /api/v1/users/login ::1 500 1ms
[2025-6-9T5:31:3]::POST /api/v1/users/login ::1 500 9ms
[2025-6-9T5:34:35]::POST /api/v1/users/login ::1 500 27ms
[2025-6-9T5:34:37]::POST /api/v1/users/login ::1 500 3ms
[2025-6-9T5:34:56]::POST /api/v1/users/login ::1 500 4ms
[2025-6-9T5:34:58]::POST /api/v1/users/login ::1 500 4ms
[2025-6-9T5:35:0]::POST /api/v1/users/login ::1 500 2ms
[2025-6-9T5:43:24]::POST /api/v1/users/login ::1 200 308ms
[2025-6-9T5:47:49]::POST /api/v1/users/logout ::1 200 6ms
[2025-6-10T5:23:32]::POST /api/v1/users/login ::1 200 540ms
[2025-6-10T5:23:38]::POST /api/v1/users/ ::1 401 6ms
[2025-6-10T5:23:55]::POST /api/v1/users/logout ::1 200 3ms
[2025-6-10T5:24:0]::POST /api/v1/users/login ::1 200 247ms
[2025-6-10T5:24:5]::POST /api/v1/users/logout ::1 200 2ms
[2025-6-10T5:24:35]::POST /api/v1/users/login ::1 200 250ms
[2025-6-10T5:24:41]::POST /api/v1/users/logout ::1 200 2ms
[2025-6-10T5:24:45]::POST /api/v1/users/login ::1 200 277ms
[2025-6-10T5:24:56]::POST /api/v1/users/logout ::1 200 6ms
[2025-6-10T5:26:19]::POST /api/v1/users/ ::1 404 7ms
[2025-6-10T5:26:46]::POST /api/v1/users/login ::1 200 307ms
[2025-6-10T5:27:2]::POST /api/v1/users/ ::1 404 3ms
[2025-6-10T5:27:12]::GET /api/v1/users/ ::1 401 4ms
[2025-6-10T5:27:20]::GET /api/v1/users ::1 401 20ms
[2025-6-10T5:28:17]::GET /api/v1/users ::1 401 15ms
[2025-6-10T5:28:22]::POST /api/v1/users/login ::1 200 376ms
[2025-6-10T5:28:27]::GET /api/v1/users ::1 401 4ms
[2025-6-10T5:28:31]::POST /api/v1/users/logout ::1 200 2ms
[2025-6-10T5:28:36]::POST /api/v1/users/login ::1 200 257ms
[2025-6-10T5:28:48]::GET /api/v1/users ::1 401 4ms
[2025-6-10T5:30:10]::GET /api/v1/users ::1 401 10ms
[2025-6-10T5:30:12]::GET /api/v1/users ::1 401 3ms
[2025-6-10T5:30:51]::POST /api/v1/users/signup ::1 500 52ms
[2025-6-10T5:31:3]::POST /api/v1/users/signup ::1 201 328ms
[2025-6-10T5:31:25]::POST /api/v1/users/login ::1 400 9ms
[2025-6-10T5:31:54]::POST /api/v1/users/login ::1 200 242ms
[2025-6-10T5:32:1]::GET /api/v1/users ::1 401 4ms
[2025-6-10T5:32:3]::GET /api/v1/users ::1 401 3ms
[2025-6-10T5:42:20]::GET /api/v1/users ::1 403 47ms
[2025-6-10T6:17:57]::POST /api/v1/users/signup ::1 201 159ms
[2025-6-10T6:18:12]::POST /api/v1/users/login ::1 400 5ms
[2025-6-10T6:18:37]::POST /api/v1/users/signup ::1 201 96ms
[2025-6-10T6:18:43]::POST /api/v1/users/login ::1 200 92ms
[2025-6-10T6:18:48]::GET /api/v1/users ::1 403 4ms
[2025-6-10T6:18:50]::GET /api/v1/users ::1 403 4ms
[2025-6-10T6:19:53]::GET /api/v1/users/ ::1 403 7ms
[2025-6-10T6:20:18]::GET /api/v1/users ::1 403 11ms
[2025-6-10T6:20:24]::POST /api/v1/users/logout ::1 200 2ms
[2025-6-10T6:21:49]::POST /api/v1/users/login ::1 200 137ms
[2025-6-10T6:21:53]::POST /api/v1/users/logout ::1 200 2ms
[2025-6-10T6:24:57]::POST /api/v1/users/login ::1 200 124ms
[2025-6-10T6:25:2]::POST /api/v1/users/logout ::1 200 3ms
[2025-6-10T6:25:18]::POST /api/v1/users/logout ::1 200 1ms
[2025-6-10T6:27:30]::POST /api/v1/users/login ::1 200 178ms
[2025-6-10T6:27:34]::POST /api/v1/users/logout ::1 200 2ms
[2025-6-10T6:27:52]::GET /api/v1/users ::1 401 2ms
[2025-6-10T6:27:58]::POST /api/v1/users/login ::1 200 114ms
[2025-6-10T6:28:2]::GET /api/v1/users ::1 403 14ms
[2025-6-10T6:32:7]::POST /api/v1/users/logout ::1 200 8ms
[2025-6-10T6:32:20]::POST /api/v1/users/login ::1 200 136ms
[2025-6-10T6:32:26]::GET /api/v1/users ::1 403 17ms
[2025-6-10T6:33:33]::GET /api/v1/users ::1 403 20ms
[2025-6-10T6:33:35]::GET /api/v1/users ::1 403 5ms
[2025-6-10T6:35:12]::GET /api/v1/users ::1 403 6ms
[2025-6-10T6:35:15]::GET /api/v1/users ::1 403 10ms
[2025-6-10T6:36:4]::GET /api/v1/users ::1 200 28ms
[2025-6-10T9:49:2]::POST /api/v1/users/login ::1 200 431ms
[2025-6-10T9:49:57]::PUT /api/v1/users ::1 200 308ms
[2025-6-10T12:48:30]::POST /api/v1/users/login ::1 200 347ms
[2025-6-10T12:49:53]::PUT /api/v1/users/6847723b9bc41756f02f1a32 ::1 500 27ms
[2025-6-10T12:50:59]::GET /api/v1/users ::1 200 25ms
[2025-6-10T12:51:21]::PUT /api/v1/users/6847723b9bc41756f02f1a32 ::1 500 20ms
[2025-6-10T12:52:4]::PUT /api/v1/users/:6847723b9bc41756f02f1a32 ::1 500 13ms
[2025-6-10T12:52:13]::PUT /api/v1/users/6847723b9bc41756f02f1a32 ::1 500 14ms
[2025-6-10T12:56:10]::PUT /api/v1/users/6847723b9bc41756f02f1a32 ::1 500 30ms
[2025-6-10T12:56:13]::PUT /api/v1/users/6847723b9bc41756f02f1a32 ::1 500 10ms
[2025-6-10T12:59:39]::PUT /api/v1/users/6847723b9bc41756f02f1a32 ::1 500 83ms
[2025-6-10T12:59:46]::PUT /api/v1/users/6847723b9bc41756f02f1a32 ::1 500 14ms
[2025-6-10T13:0:11]::PUT /api/v1/users/6847723b9bc41756f02f1a32 ::1 500 40ms
[2025-6-10T13:4:7]::PUT /api/v1/users/6847723b9bc41756f02f1a32 ::1 200 172ms
[2025-6-10T16:21:34]::GET /api/v1/users ::1 200 106ms
[2025-6-10T16:22:25]::DELETE /api/v1/users/6847723b9bc41756f02f1a32 ::1 200 46ms
[2025-6-10T16:22:33]::GET /api/v1/users ::1 200 21ms
[2025-6-10T18:47:18]::GET /api/v1/users/vendors/pending ::1 404 60ms
[2025-6-10T18:47:51]::GET /api/v1/users/vendors ::1 404 31ms
[2025-6-10T18:48:34]::GET /api/v1/users/vendors ::1 200 42ms
[2025-6-10T18:48:50]::GET /api/v1/users ::1 200 31ms
[2025-6-16T20:44:53]::POST /api/v1/users/login ::1 200 728ms
[2025-6-16T20:47:42]::POST /api/v1/products ::1 404 8ms
[2025-6-16T20:49:25]::POST /api/v1/products ::1 404 8ms
[2025-6-16T20:49:28]::POST /api/v1/products ::1 404 1ms
[2025-6-16T20:52:19]::POST /api/v1/products ::1 404 9ms
[2025-6-16T20:52:27]::POST /api/v1/products ::1 404 3ms
[2025-6-16T20:52:30]::POST /api/v1/products ::1 404 2ms
[2025-6-16T20:55:30]::POST /api/v1/products ::1 404 14ms
[2025-6-16T20:55:33]::POST /api/v1/products ::1 404 6ms
[2025-6-16T20:55:40]::POST /api/v1/products ::1 404 3ms
[2025-6-16T20:58:21]::POST /api/v1/products ::1 404 7ms
[2025-6-16T21:1:16]::POST /api/v1/products ::1 200 106ms
[2025-6-16T21:8:37]::GET /api/v1/products/685035406beb5d84d358271d ::1 200 99ms
[2025-6-16T21:9:8]::GET /api/v1/products/ ::1 404 7ms
[2025-6-16T21:10:9]::GET /api/v1/products/ ::1 200 63ms
[2025-6-17T8:53:22]::POST /api/v1/users/login ::1 200 352ms
[2025-6-17T8:53:32]::POST /api/v1/users/logout ::1 200 5ms
[2025-6-17T8:53:39]::POST /api/v1/users/login ::1 200 139ms
[2025-6-17T8:54:43]::POST /api/v1/products ::1 200 134ms
[2025-6-17T8:54:49]::GET /api/v1/products/ ::1 200 156ms
[2025-6-17T8:56:37]::PUT /api/v1/products/ ::1 404 23ms
[2025-6-17T8:57:2]::PUT /api/v1/products/6850dc7715b7eb6d3f2d6463 ::1 404 3ms
[2025-6-17T8:57:17]::PUT /api/v1/products/6850dc7715b7eb6d3f2d6463 ::1 404 2ms
[2025-6-17T8:58:31]::PUT /api/v1/products/6850dc7715b7eb6d3f2d6463 ::1 200 57ms
[2025-6-17T9:3:22]::PUT /api/v1/products/6850dc7715b7eb6d3f2d6463 ::1 500 42ms
[2025-6-17T9:3:34]::DELETE /api/v1/products/6850dc7715b7eb6d3f2d6463 ::1 200 41ms
[2025-6-17T9:3:42]::GET /api/v1/products/ ::1 200 59ms
[2025-6-17T9:28:49]::POST /api/v1/products/685035406beb5d84d358271d ::1 200 166ms
[2025-6-17T9:28:55]::GET /api/v1/products/ ::1 200 59ms
[2025-6-18T5:22:53]::POST /api/v1/users/login ::1 200 514ms
[2025-6-18T5:23:2]::GET /api/v1/products/ ::1 200 190ms
[2025-6-18T5:25:5]::POST /api/v1/products ::1 200 52ms
[2025-6-18T5:25:21]::POST /api/v1/products ::1 200 14ms
[2025-6-18T5:26:50]::GET /api/v1/products/ ::1 200 17ms
[2025-6-18T5:28:14]::POST /api/v1/orders ::1 500 9ms
[2025-6-18T5:29:18]::POST /api/v1/orders ::1 200 85ms
[2025-6-18T5:55:58]::GET /api/v1/orders ::1 200 140ms
[2025-6-18T6:8:2]::GET /api/v1/orders/6851fdd2e77c268102aa09e1 ::1 200 108ms
[2025-6-18T6:8:15]::GET /api/v1/orders/ ::1 200 28ms
[2025-6-18T6:8:21]::GET /api/v1/orders/6851fdd2e77c268102aa09e1 ::1 200 20ms
[2025-6-18T6:12:39]::GET /api/v1/orders/my-orders ::1 500 61ms
[2025-6-18T6:19:2]::GET /api/v1/orders/my-orders ::1 200 57ms
[2025-6-20T10:23:33]::GET /api/v1/orders/ ::1 200 256ms
[2025-6-20T10:25:33]::PUT /api/v1/orders/6851fdd2e77c268102aa09e1 ::1 404 4ms
[2025-6-20T10:26:53]::PUT /api/v1/orders/6851fdd2e77c268102aa09e1 ::1 200 72ms
